2022/12/28 12:09:41 [notice] 1#1: using the "epoll" event method
2022/12/28 12:09:41 [notice] 1#1: nginx/1.23.3
2022/12/28 12:09:41 [notice] 1#1: built by gcc 12.2.1 20220924 (Alpine 12.2.1_git20220924-r4) 
2022/12/28 12:09:41 [notice] 1#1: OS: Linux 5.15.79.1-microsoft-standard-WSL2
2022/12/28 12:09:41 [notice] 1#1: getrlimit(RLIMIT_NOFILE): 1048576:1048576
2022/12/28 12:09:41 [notice] 1#1: start worker processes
2022/12/28 12:09:41 [notice] 1#1: start worker process 29
2022/12/28 12:09:41 [notice] 1#1: start worker process 30
2022/12/28 12:09:41 [notice] 1#1: start worker process 31
2022/12/28 12:09:41 [notice] 1#1: start worker process 32
2022/12/28 12:09:41 [notice] 1#1: start worker process 33
2022/12/28 12:09:41 [notice] 1#1: start worker process 34
2022/12/28 12:09:41 [notice] 1#1: start worker process 35
2022/12/28 12:09:41 [notice] 1#1: start worker process 36
2022/12/28 12:09:56 [error] 29#29: *1 FastCGI sent in stderr: "Primary script unknown" while reading response header from upstream, client: 172.25.0.1, server: , request: "GET / HTTP/1.1", upstream: "fastcgi://172.25.0.2:9000", host: "localhost:8080"
2022/12/28 12:11:20 [error] 31#31: *4 FastCGI sent in stderr: "Primary script unknown" while reading response header from upstream, client: 172.25.0.1, server: , request: "GET / HTTP/1.1", upstream: "fastcgi://172.25.0.2:9000", host: "localhost:8080"
2022/12/28 12:13:24 [error] 33#33: *7 FastCGI sent in stderr: "Primary script unknown" while reading response header from upstream, client: 172.25.0.1, server: , request: "GET / HTTP/1.1", upstream: "fastcgi://172.25.0.2:9000", host: "localhost:8080"
2022/12/28 12:14:33 [notice] 1#1: signal 3 (SIGQUIT) received, shutting down
2022/12/28 12:14:33 [notice] 29#29: gracefully shutting down
2022/12/28 12:14:33 [notice] 31#31: gracefully shutting down
2022/12/28 12:14:33 [notice] 32#32: gracefully shutting down
2022/12/28 12:14:33 [notice] 30#30: gracefully shutting down
2022/12/28 12:14:33 [notice] 33#33: gracefully shutting down
2022/12/28 12:14:33 [notice] 34#34: gracefully shutting down
2022/12/28 12:14:33 [notice] 36#36: gracefully shutting down
2022/12/28 12:14:33 [notice] 35#35: gracefully shutting down
2022/12/28 12:14:33 [notice] 29#29: exiting
2022/12/28 12:14:33 [notice] 31#31: exiting
2022/12/28 12:14:33 [notice] 32#32: exiting
2022/12/28 12:14:33 [notice] 30#30: exiting
2022/12/28 12:14:33 [notice] 33#33: exiting
2022/12/28 12:14:33 [notice] 33#33: exit
2022/12/28 12:14:33 [notice] 34#34: exiting
2022/12/28 12:14:33 [notice] 36#36: exiting
2022/12/28 12:14:33 [notice] 35#35: exiting
2022/12/28 12:14:33 [notice] 29#29: exit
2022/12/28 12:14:33 [notice] 31#31: exit
2022/12/28 12:14:33 [notice] 32#32: exit
2022/12/28 12:14:33 [notice] 30#30: exit
2022/12/28 12:14:33 [notice] 34#34: exit
2022/12/28 12:14:33 [notice] 36#36: exit
2022/12/28 12:14:33 [notice] 35#35: exit
2022/12/28 12:14:37 [notice] 1#1: using the "epoll" event method
2022/12/28 12:14:37 [notice] 1#1: nginx/1.23.3
2022/12/28 12:14:37 [notice] 1#1: built by gcc 12.2.1 20220924 (Alpine 12.2.1_git20220924-r4) 
2022/12/28 12:14:37 [notice] 1#1: OS: Linux 5.15.79.1-microsoft-standard-WSL2
2022/12/28 12:14:37 [notice] 1#1: getrlimit(RLIMIT_NOFILE): 1048576:1048576
2022/12/28 12:14:37 [notice] 1#1: start worker processes
2022/12/28 12:14:37 [notice] 1#1: start worker process 29
2022/12/28 12:14:37 [notice] 1#1: start worker process 30
2022/12/28 12:14:37 [notice] 1#1: start worker process 31
2022/12/28 12:14:37 [notice] 1#1: start worker process 32
2022/12/28 12:14:37 [notice] 1#1: start worker process 33
2022/12/28 12:14:37 [notice] 1#1: start worker process 34
2022/12/28 12:14:37 [notice] 1#1: start worker process 35
2022/12/28 12:14:37 [notice] 1#1: start worker process 36
2022/12/28 12:14:38 [notice] 1#1: signal 3 (SIGQUIT) received, shutting down
2022/12/28 12:14:38 [notice] 29#29: gracefully shutting down
2022/12/28 12:14:38 [notice] 31#31: gracefully shutting down
2022/12/28 12:14:38 [notice] 31#31: exiting
2022/12/28 12:14:38 [notice] 32#32: gracefully shutting down
2022/12/28 12:14:38 [notice] 32#32: exiting
2022/12/28 12:14:38 [notice] 33#33: gracefully shutting down
2022/12/28 12:14:38 [notice] 30#30: gracefully shutting down
2022/12/28 12:14:38 [notice] 34#34: gracefully shutting down
2022/12/28 12:14:38 [notice] 35#35: gracefully shutting down
2022/12/28 12:14:38 [notice] 29#29: exiting
2022/12/28 12:14:38 [notice] 36#36: gracefully shutting down
2022/12/28 12:14:38 [notice] 31#31: exit
2022/12/28 12:14:38 [notice] 32#32: exit
2022/12/28 12:14:38 [notice] 33#33: exiting
2022/12/28 12:14:38 [notice] 30#30: exiting
2022/12/28 12:14:38 [notice] 34#34: exiting
2022/12/28 12:14:38 [notice] 35#35: exiting
2022/12/28 12:14:38 [notice] 29#29: exit
2022/12/28 12:14:38 [notice] 36#36: exiting
2022/12/28 12:14:38 [notice] 33#33: exit
2022/12/28 12:14:38 [notice] 30#30: exit
2022/12/28 12:14:38 [notice] 34#34: exit
2022/12/28 12:14:38 [notice] 35#35: exit
2022/12/28 12:14:38 [notice] 36#36: exit
2022/12/28 12:14:53 [notice] 1#1: using the "epoll" event method
2022/12/28 12:14:53 [notice] 1#1: nginx/1.23.3
2022/12/28 12:14:53 [notice] 1#1: built by gcc 12.2.1 20220924 (Alpine 12.2.1_git20220924-r4) 
2022/12/28 12:14:53 [notice] 1#1: OS: Linux 5.15.79.1-microsoft-standard-WSL2
2022/12/28 12:14:53 [notice] 1#1: getrlimit(RLIMIT_NOFILE): 1048576:1048576
2022/12/28 12:14:53 [notice] 1#1: start worker processes
2022/12/28 12:14:53 [notice] 1#1: start worker process 29
2022/12/28 12:14:53 [notice] 1#1: start worker process 30
2022/12/28 12:14:53 [notice] 1#1: start worker process 31
2022/12/28 12:14:53 [notice] 1#1: start worker process 32
2022/12/28 12:14:53 [notice] 1#1: start worker process 33
2022/12/28 12:14:53 [notice] 1#1: start worker process 34
2022/12/28 12:14:53 [notice] 1#1: start worker process 35
2022/12/28 12:14:53 [notice] 1#1: start worker process 36
2022/12/28 12:15:00 [error] 30#30: *2 FastCGI sent in stderr: "Primary script unknown" while reading response header from upstream, client: 172.25.0.1, server: , request: "GET / HTTP/1.1", upstream: "fastcgi://172.25.0.2:9000", host: "localhost:8080"
2022/12/28 12:15:03 [error] 30#30: *2 FastCGI sent in stderr: "Primary script unknown" while reading response header from upstream, client: 172.25.0.1, server: , request: "GET / HTTP/1.1", upstream: "fastcgi://172.25.0.2:9000", host: "localhost:8080"
2022/12/28 12:19:18 [notice] 1#1: signal 3 (SIGQUIT) received, shutting down
2022/12/28 12:19:18 [notice] 29#29: gracefully shutting down
2022/12/28 12:19:18 [notice] 30#30: gracefully shutting down
2022/12/28 12:19:18 [notice] 30#30: exiting
2022/12/28 12:19:18 [notice] 32#32: gracefully shutting down
2022/12/28 12:19:18 [notice] 33#33: gracefully shutting down
2022/12/28 12:19:18 [notice] 31#31: gracefully shutting down
2022/12/28 12:19:18 [notice] 31#31: exiting
2022/12/28 12:19:18 [notice] 35#35: gracefully shutting down
2022/12/28 12:19:18 [notice] 34#34: gracefully shutting down
2022/12/28 12:19:18 [notice] 36#36: gracefully shutting down
2022/12/28 12:19:18 [notice] 29#29: exiting
2022/12/28 12:19:18 [notice] 30#30: exit
2022/12/28 12:19:18 [notice] 32#32: exiting
2022/12/28 12:19:18 [notice] 33#33: exiting
2022/12/28 12:19:18 [notice] 31#31: exit
2022/12/28 12:19:18 [notice] 35#35: exiting
2022/12/28 12:19:18 [notice] 34#34: exiting
2022/12/28 12:19:18 [notice] 36#36: exiting
2022/12/28 12:19:18 [notice] 29#29: exit
2022/12/28 12:19:18 [notice] 32#32: exit
2022/12/28 12:19:18 [notice] 33#33: exit
2022/12/28 12:19:18 [notice] 35#35: exit
2022/12/28 12:19:18 [notice] 34#34: exit
2022/12/28 12:19:18 [notice] 36#36: exit
